<?xml version="1.0"?>
<testsuites>
  <testsuite name="PhantomJS 1.9.7 (Mac OS X)" package="" timestamp="2014-08-16T09:49:14" id="0" hostname="Martins-MacBook-Pro.local" tests="3" errors="0" failures="0" time="0.002">
    <properties>
      <property name="browser.fullName" value="Mozilla/5.0 (Macintosh; Intel Mac OS X) AppleWebKit/534.34 (KHTML, like Gecko) PhantomJS/1.9.7 Safari/534.34"/>
    </properties>
    <testcase name="test" time="0.002" classname="PhantomJS 1.9.7 (Mac OS X).routes"/>
    <testcase name="refresh setting" time="0" classname="PhantomJS 1.9.7 (Mac OS X).routes"/>
    <testcase name="refresh setting" time="0" classname="PhantomJS 1.9.7 (Mac OS X).routes"/>
    <system-out><![CDATA[
]]></system-out>
    <system-err/>
  </testsuite>
</testsuites>
